2019-10-16 22:08:56.0011	WARN	Error whilst reading API Keys	CIDER.KeyManager.Fetch	Activator.CreateInstance => Activator.CreateInstance => RuntimeType.CreateInstanceImpl => Activator.CreateInstance => RuntimeType.CreateInstanceDefaultCtor => RuntimeType.CreateInstanceSlow => RuntimeTypeHandle.CreateInstance => MainWindow..ctor => MainWindowViewModel..ctor => KeyManager.Fetch	"System.IO.FileLoadException: Die Datei oder Assembly ""MahApps.Metro, Version=1.2.4.0, Culture=neutral, PublicKeyToken=f4fb5a3c4d1e5b4f"" oder eine Abhängigkeit davon wurde nicht gefunden. Die gefundene Manifestdefinition der Assembly stimmt nicht mit dem Assemblyverweis überein. (Ausnahme von HRESULT: 0x80131040)
Dateiname: ""MahApps.Metro, Version=1.2.4.0, Culture=neutral, PublicKeyToken=f4fb5a3c4d1e5b4f""
   bei BespokeFusion.MaterialMessageBox.Show(String message, String title)
   bei CIDER.KeyManager.Fetch() in H:\Dokumente\Diplomarbeit\Code\CIDER-Repository\dip-cider\CIDER\CIDER\KeyManager.cs:Zeile 42.

=== Zustandsinformationen vor Bindung ===
LOG: DisplayName = MahApps.Metro, Version=1.2.4.0, Culture=neutral, PublicKeyToken=f4fb5a3c4d1e5b4f
 (Fully-specified)
LOG: Appbase = file:///H:/Dokumente/Diplomarbeit/Code/CIDER-Repository/dip-cider/CIDER/CIDER/bin/Debug/
LOG: Ursprünglicher PrivatePath = NULL
Aufruf von Assembly : BespokeFusion, Version=1.0.1.10, Culture=neutral, PublicKeyToken=null.
===
LOG: Diese Bindung startet im default-Load-Kontext.
LOG: Die Anwendungskonfigurationsdatei wird verwendet: H:\Dokumente\Diplomarbeit\Code\CIDER-Repository\dip-cider\CIDER\CIDER\bin\Debug\CIDER.exe.Config
LOG: Die Hostkonfigurationsdatei wird verwendet: 
LOG: Die Computerkonfigurationsdatei von C:\Windows\Microsoft.NET\Framework\v4.0.30319\config\machine.config wird verwendet.
LOG: Verweis nach der Richtlinie: MahApps.Metro, Version=1.2.4.0, Culture=neutral, PublicKeyToken=f4fb5a3c4d1e5b4f
LOG: Download von neuem URL file:///H:/Dokumente/Diplomarbeit/Code/CIDER-Repository/dip-cider/CIDER/CIDER/bin/Debug/MahApps.Metro.DLL.
WRN: Der Vergleich des Assemblynamens führte zum Konflikt: Nebenversion.
ERR: Das Setup der Assembly konnte nicht abgeschlossen werden (hr = 0x80131040). Die Suche wurde beendet.
"	
2019-10-16 22:09:01.3721	FATAL	Unhandled exception in CIDER v1.0.0.0	CIDER.App.LogUnhandledException	ProtocolHandler.ProcessInboundMessage => <>c__DisplayClass27_0`2.<RegisterMessageObserver>b__0 => ProtocolHandler.HandleMessage => PropertyService.HandlePropertyChainRequest => PropertyService.GetPropertyValuesChainInternal => Dispatcher.Invoke => Dispatcher.Invoke => Dispatcher.InvokeImpl => App.<SetupExceptionHandling>b__2_0 => App.LogUnhandledException	"System.Threading.Tasks.TaskCanceledException: Eine Aufgabe wurde abgebrochen.
   bei System.Runtime.CompilerServices.TaskAwaiter.ThrowForNonSuccess(Task task)
   bei System.Runtime.CompilerServices.TaskAwaiter.HandleNonSuccessAndDebuggerNotification(Task task)
   bei System.Windows.Threading.DispatcherOperation.Wait(TimeSpan timeout)
   bei System.Windows.Threading.Dispatcher.InvokeImpl(DispatcherOperation operation, CancellationToken cancellationToken, TimeSpan timeout)
   bei System.Windows.Threading.Dispatcher.Invoke[TResult](Func`1 callback, DispatcherPriority priority, CancellationToken cancellationToken, TimeSpan timeout)
   bei System.Windows.Threading.Dispatcher.Invoke[TResult](Func`1 callback)
   bei Microsoft.VisualStudio.DesignTools.WpfTap.WpfVisualTreeService.Properties.PropertyService.GetPropertyValuesChainInternal(Int64 instanceHandle, Object targetObject)
   bei Microsoft.VisualStudio.DesignTools.WpfTap.WpfVisualTreeService.Properties.PropertyService.HandlePropertyChainRequest(PropertiesRequestInfo requestInfo)
   bei Microsoft.VisualStudio.DesignTools.WpfTap.Networking.ProtocolHandler.HandleMessage[TMessage,TReply](Func`2 callback, Message request)
   bei Microsoft.VisualStudio.DesignTools.WpfTap.Networking.ProtocolHandler.<>c__DisplayClass27_0`2.<RegisterMessageObserver>b__0(Message message)
   bei Microsoft.VisualStudio.DesignTools.WpfTap.Networking.ProtocolHandler.ProcessInboundMessage(Message message)
   bei Microsoft.VisualStudio.DesignTools.WpfTap.Networking.ProtocolHandler.<>c__DisplayClass40_0.<OnMessageReceived>b__0()
   bei Microsoft.VisualStudio.DesignTools.WpfTap.Networking.ProtocolHandler.WaitableActionsList.<>c__DisplayClass8_0.<AddAndSignal>b__0(Boolean isCancelled)
   bei Microsoft.VisualStudio.DesignTools.WpfTap.Networking.ProtocolHandler.ActionThread(Object list)
   bei System.Threading.ThreadHelper.ThreadStart_Context(Object state)
   bei System.Threading.ExecutionContext.RunInternal(ExecutionContext executionContext, ContextCallback callback, Object state, Boolean preserveSyncCtx)
   bei System.Threading.ExecutionContext.Run(ExecutionContext executionContext, ContextCallback callback, Object state, Boolean preserveSyncCtx)
   bei System.Threading.ExecutionContext.Run(ExecutionContext executionContext, ContextCallback callback, Object state)
   bei System.Threading.ThreadHelper.ThreadStart(Object obj)"	
