2019-10-16 22:46:31.8230	INFO	No Color Found	CIDER.ColorWriter.GetSetTheming	Activator.CreateInstance => Activator.CreateInstance => RuntimeType.CreateInstanceImpl => Activator.CreateInstance => RuntimeType.CreateInstanceDefaultCtor => RuntimeType.CreateInstanceSlow => RuntimeTypeHandle.CreateInstance => MainWindow..ctor => MainWindowViewModel..ctor => ColorWriter.GetSetTheming	"System.IndexOutOfRangeException: Der Index war außerhalb des Arraybereichs.
   bei CIDER.ColorWriter.GetSetTheming() in H:\Dokumente\Diplomarbeit\Code\CIDER-Repository\dip-cider\CIDER\CIDER\ColorWriter.cs:Zeile 24."	
2019-10-16 22:46:31.8619	WARN	Error whilst reading theme. Reverting back to standard.	CIDER.ViewModels.MainWindowViewModel..ctor	SafeReflectionInvoker.CreateInstanceCritical => Activator.CreateInstance => Activator.CreateInstance => RuntimeType.CreateInstanceImpl => Activator.CreateInstance => RuntimeType.CreateInstanceDefaultCtor => RuntimeType.CreateInstanceSlow => RuntimeTypeHandle.CreateInstance => MainWindow..ctor => MainWindowViewModel..ctor	"CIDER.ColorWriterNoColorException: Eine Ausnahme vom Typ ""CIDER.ColorWriterNoColorException"" wurde ausgelöst.
   bei CIDER.ColorWriter.GetSetTheming() in H:\Dokumente\Diplomarbeit\Code\CIDER-Repository\dip-cider\CIDER\CIDER\ColorWriter.cs:Zeile 31.
   bei CIDER.ViewModels.MainWindowViewModel..ctor() in H:\Dokumente\Diplomarbeit\Code\CIDER-Repository\dip-cider\CIDER\CIDER\ViewModels\MainWindowViewModel.cs:Zeile 91."	
2019-10-16 22:46:34.5699	FATAL	Unhandled exception in CIDER v1.0.0.0	CIDER.App.LogUnhandledException	Dispatcher.PushFrameImpl => UnsafeNativeMethods.DispatchMessage => HwndSubclass.SubclassWndProc => Dispatcher.LegacyInvokeImpl => ExceptionWrapper.TryCatchWhen => ExceptionWrapper.CatchException => Dispatcher.CatchExceptionStatic => Dispatcher.CatchException => App.<SetupExceptionHandling>b__2_1 => App.LogUnhandledException	"System.InvalidOperationException: Die Sequenz enthält keine Elemente.
   bei System.Linq.Enumerable.First[TSource](IEnumerable`1 source)
   bei CIDER.ViewModels.MapTimedViewModel..ctor(DataProvider data) in H:\Dokumente\Diplomarbeit\Code\CIDER-Repository\dip-cider\CIDER\CIDER\ViewModels\MapTimedViewModel.cs:Zeile 35.
   bei CIDER.Views.MapTimed..ctor(DataProvider data) in H:\Dokumente\Diplomarbeit\Code\CIDER-Repository\dip-cider\CIDER\CIDER\Views\MapTimed.xaml.cs:Zeile 30.
   bei CIDER.ViewModels.MainWindowViewModel.OnChangeToMapTimed(Object sender) in H:\Dokumente\Diplomarbeit\Code\CIDER-Repository\dip-cider\CIDER\CIDER\ViewModels\MainWindowViewModel.cs:Zeile 179.
   bei CIDER.MVVMBase.DelegateCommand.Execute(Object parameter) in H:\Dokumente\Diplomarbeit\Code\CIDER-Repository\dip-cider\CIDER\CIDER\MVVMBase\ViewModelBase.cs:Zeile 52.
   bei MS.Internal.Commands.CommandHelpers.CriticalExecuteCommandSource(ICommandSource commandSource, Boolean userInitiated)
   bei System.Windows.Controls.Primitives.ButtonBase.OnClick()
   bei System.Windows.Controls.Button.OnClick()
   bei System.Windows.Controls.Primitives.ButtonBase.OnMouseLeftButtonUp(MouseButtonEventArgs e)
   bei System.Windows.UIElement.OnMouseLeftButtonUpThunk(Object sender, MouseButtonEventArgs e)
   bei System.Windows.Input.MouseButtonEventArgs.InvokeEventHandler(Delegate genericHandler, Object genericTarget)
   bei System.Windows.RoutedEventArgs.InvokeHandler(Delegate handler, Object target)
   bei System.Windows.RoutedEventHandlerInfo.InvokeHandler(Object target, RoutedEventArgs routedEventArgs)
   bei System.Windows.EventRoute.InvokeHandlersImpl(Object source, RoutedEventArgs args, Boolean reRaised)
   bei System.Windows.UIElement.ReRaiseEventAs(DependencyObject sender, RoutedEventArgs args, RoutedEvent newEvent)
   bei System.Windows.UIElement.OnMouseUpThunk(Object sender, MouseButtonEventArgs e)
   bei System.Windows.Input.MouseButtonEventArgs.InvokeEventHandler(Delegate genericHandler, Object genericTarget)
   bei System.Windows.RoutedEventArgs.InvokeHandler(Delegate handler, Object target)
   bei System.Windows.RoutedEventHandlerInfo.InvokeHandler(Object target, RoutedEventArgs routedEventArgs)
   bei System.Windows.EventRoute.InvokeHandlersImpl(Object source, RoutedEventArgs args, Boolean reRaised)
   bei System.Windows.UIElement.RaiseEventImpl(DependencyObject sender, RoutedEventArgs args)
   bei System.Windows.UIElement.RaiseTrustedEvent(RoutedEventArgs args)
   bei System.Windows.UIElement.RaiseEvent(RoutedEventArgs args, Boolean trusted)
   bei System.Windows.Input.InputManager.ProcessStagingArea()
   bei System.Windows.Input.InputManager.ProcessInput(InputEventArgs input)
   bei System.Windows.Input.InputProviderSite.ReportInput(InputReport inputReport)
   bei System.Windows.Interop.HwndMouseInputProvider.ReportInput(IntPtr hwnd, InputMode mode, Int32 timestamp, RawMouseActions actions, Int32 x, Int32 y, Int32 wheel)
   bei System.Windows.Interop.HwndMouseInputProvider.FilterMessage(IntPtr hwnd, WindowMessage msg, IntPtr wParam, IntPtr lParam, Boolean& handled)
   bei System.Windows.Interop.HwndSource.InputFilterMessage(IntPtr hwnd, Int32 msg, IntPtr wParam, IntPtr lParam, Boolean& handled)
   bei MS.Win32.HwndWrapper.WndProc(IntPtr hwnd, Int32 msg, IntPtr wParam, IntPtr lParam, Boolean& handled)
   bei MS.Win32.HwndSubclass.DispatcherCallbackOperation(Object o)
   bei System.Windows.Threading.ExceptionWrapper.InternalRealCall(Delegate callback, Object args, Int32 numArgs)
   bei System.Windows.Threading.ExceptionWrapper.TryCatchWhen(Object source, Delegate callback, Object args, Int32 numArgs, Delegate catchHandler)"	
2019-10-16 22:46:36.5160	FATAL	Unhandled exception in CIDER v1.0.0.0	CIDER.App.LogUnhandledException	Application.RunInternal => Application.RunDispatcher => Dispatcher.PushFrame => Dispatcher.PushFrameImpl => UnsafeNativeMethods.DispatchMessage => HwndSubclass.SubclassWndProc => Dispatcher.LegacyInvokeImpl => ExceptionWrapper.TryCatchWhen => App.<SetupExceptionHandling>b__2_0 => App.LogUnhandledException	"System.InvalidOperationException: Die Sequenz enthält keine Elemente.
   bei System.Linq.Enumerable.First[TSource](IEnumerable`1 source)
   bei CIDER.ViewModels.MapTimedViewModel..ctor(DataProvider data) in H:\Dokumente\Diplomarbeit\Code\CIDER-Repository\dip-cider\CIDER\CIDER\ViewModels\MapTimedViewModel.cs:Zeile 35.
   bei CIDER.Views.MapTimed..ctor(DataProvider data) in H:\Dokumente\Diplomarbeit\Code\CIDER-Repository\dip-cider\CIDER\CIDER\Views\MapTimed.xaml.cs:Zeile 30.
   bei CIDER.ViewModels.MainWindowViewModel.OnChangeToMapTimed(Object sender) in H:\Dokumente\Diplomarbeit\Code\CIDER-Repository\dip-cider\CIDER\CIDER\ViewModels\MainWindowViewModel.cs:Zeile 179.
   bei CIDER.MVVMBase.DelegateCommand.Execute(Object parameter) in H:\Dokumente\Diplomarbeit\Code\CIDER-Repository\dip-cider\CIDER\CIDER\MVVMBase\ViewModelBase.cs:Zeile 52.
   bei MS.Internal.Commands.CommandHelpers.CriticalExecuteCommandSource(ICommandSource commandSource, Boolean userInitiated)
   bei System.Windows.Controls.Primitives.ButtonBase.OnClick()
   bei System.Windows.Controls.Button.OnClick()
   bei System.Windows.Controls.Primitives.ButtonBase.OnMouseLeftButtonUp(MouseButtonEventArgs e)
   bei System.Windows.UIElement.OnMouseLeftButtonUpThunk(Object sender, MouseButtonEventArgs e)
   bei System.Windows.Input.MouseButtonEventArgs.InvokeEventHandler(Delegate genericHandler, Object genericTarget)
   bei System.Windows.RoutedEventArgs.InvokeHandler(Delegate handler, Object target)
   bei System.Windows.RoutedEventHandlerInfo.InvokeHandler(Object target, RoutedEventArgs routedEventArgs)
   bei System.Windows.EventRoute.InvokeHandlersImpl(Object source, RoutedEventArgs args, Boolean reRaised)
   bei System.Windows.UIElement.ReRaiseEventAs(DependencyObject sender, RoutedEventArgs args, RoutedEvent newEvent)
   bei System.Windows.UIElement.OnMouseUpThunk(Object sender, MouseButtonEventArgs e)
   bei System.Windows.Input.MouseButtonEventArgs.InvokeEventHandler(Delegate genericHandler, Object genericTarget)
   bei System.Windows.RoutedEventArgs.InvokeHandler(Delegate handler, Object target)
   bei System.Windows.RoutedEventHandlerInfo.InvokeHandler(Object target, RoutedEventArgs routedEventArgs)
   bei System.Windows.EventRoute.InvokeHandlersImpl(Object source, RoutedEventArgs args, Boolean reRaised)
   bei System.Windows.UIElement.RaiseEventImpl(DependencyObject sender, RoutedEventArgs args)
   bei System.Windows.UIElement.RaiseTrustedEvent(RoutedEventArgs args)
   bei System.Windows.UIElement.RaiseEvent(RoutedEventArgs args, Boolean trusted)
   bei System.Windows.Input.InputManager.ProcessStagingArea()
   bei System.Windows.Input.InputManager.ProcessInput(InputEventArgs input)
   bei System.Windows.Input.InputProviderSite.ReportInput(InputReport inputReport)
   bei System.Windows.Interop.HwndMouseInputProvider.ReportInput(IntPtr hwnd, InputMode mode, Int32 timestamp, RawMouseActions actions, Int32 x, Int32 y, Int32 wheel)
   bei System.Windows.Interop.HwndMouseInputProvider.FilterMessage(IntPtr hwnd, WindowMessage msg, IntPtr wParam, IntPtr lParam, Boolean& handled)
   bei System.Windows.Interop.HwndSource.InputFilterMessage(IntPtr hwnd, Int32 msg, IntPtr wParam, IntPtr lParam, Boolean& handled)
   bei MS.Win32.HwndWrapper.WndProc(IntPtr hwnd, Int32 msg, IntPtr wParam, IntPtr lParam, Boolean& handled)
   bei MS.Win32.HwndSubclass.DispatcherCallbackOperation(Object o)
   bei System.Windows.Threading.ExceptionWrapper.InternalRealCall(Delegate callback, Object args, Int32 numArgs)
   bei System.Windows.Threading.ExceptionWrapper.TryCatchWhen(Object source, Delegate callback, Object args, Int32 numArgs, Delegate catchHandler)
   bei System.Windows.Threading.Dispatcher.LegacyInvokeImpl(DispatcherPriority priority, TimeSpan timeout, Delegate method, Object args, Int32 numArgs)
   bei MS.Win32.HwndSubclass.SubclassWndProc(IntPtr hwnd, Int32 msg, IntPtr wParam, IntPtr lParam)
   bei MS.Win32.UnsafeNativeMethods.DispatchMessage(MSG& msg)
   bei System.Windows.Threading.Dispatcher.PushFrameImpl(DispatcherFrame frame)
   bei System.Windows.Threading.Dispatcher.PushFrame(DispatcherFrame frame)
   bei System.Windows.Application.RunDispatcher(Object ignore)
   bei System.Windows.Application.RunInternal(Window window)
   bei System.Windows.Application.Run(Window window)
   bei System.Windows.Application.Run()
   bei CIDER.App.Main()"	
