2019-09-02 17:18:45.0908	FATAL	Unhandled exception in CIDER v1.0.0.0	CIDER.App.LogUnhandledException	Dispatcher.PushFrameImpl => UnsafeNativeMethods.DispatchMessage => HwndSubclass.SubclassWndProc => Dispatcher.LegacyInvokeImpl => ExceptionWrapper.TryCatchWhen => ExceptionWrapper.CatchException => Dispatcher.CatchExceptionStatic => Dispatcher.CatchException => App.<SetupExceptionHandling>b__2_1 => App.LogUnhandledException	"System.ArgumentNullException: Der Wert darf nicht NULL sein.
Parametername: source
   bei System.Threading.Tasks.Parallel.ForEach[TSource](IEnumerable`1 source, Action`1 body)
   bei CIDER.PlotManager.Create(String Title) in H:\Dokumente\Diplomarbeit\Code\CIDER-Repository\dip-cider\CIDER\CIDER\PlotManager.cs:Zeile 35.
   bei CIDER.PlotManager.GetPlotModel(String Title) in H:\Dokumente\Diplomarbeit\Code\CIDER-Repository\dip-cider\CIDER\CIDER\PlotManager.cs:Zeile 24.
   bei CIDER.ViewModels.AccelerationGraphViewModel..ctor(DataProvider Data) in H:\Dokumente\Diplomarbeit\Code\CIDER-Repository\dip-cider\CIDER\CIDER\ViewModels\AccelerationGraphViewModel.cs:Zeile 28.
   bei CIDER.Views.AccelerationGraph..ctor(DataProvider _data) in H:\Dokumente\Diplomarbeit\Code\CIDER-Repository\dip-cider\CIDER\CIDER\Views\AccelerationGraph.xaml.cs:Zeile 27.
   bei CIDER.ViewModels.MainWindowViewModel.OnChangeToAngleGraph(Object sender) in H:\Dokumente\Diplomarbeit\Code\CIDER-Repository\dip-cider\CIDER\CIDER\ViewModels\MainWindowViewModel.cs:Zeile 74.
   bei CIDER.MVVMBase.DelegateCommand.Execute(Object parameter) in H:\Dokumente\Diplomarbeit\Code\CIDER-Repository\dip-cider\CIDER\CIDER\MVVMBase\ViewModelBase.cs:Zeile 46.
   bei MS.Internal.Commands.CommandHelpers.CriticalExecuteCommandSource(ICommandSource commandSource, Boolean userInitiated)
   bei System.Windows.Controls.Primitives.ButtonBase.OnClick()
   bei System.Windows.Controls.Button.OnClick()
   bei System.Windows.Controls.Primitives.ButtonBase.OnMouseLeftButtonUp(MouseButtonEventArgs e)
   bei System.Windows.UIElement.OnMouseLeftButtonUpThunk(Object sender, MouseButtonEventArgs e)
   bei System.Windows.Input.MouseButtonEventArgs.InvokeEventHandler(Delegate genericHandler, Object genericTarget)
   bei System.Windows.RoutedEventArgs.InvokeHandler(Delegate handler, Object target)
   bei System.Windows.RoutedEventHandlerInfo.InvokeHandler(Object target, RoutedEventArgs routedEventArgs)
   bei System.Windows.EventRoute.InvokeHandlersImpl(Object source, RoutedEventArgs args, Boolean reRaised)
   bei System.Windows.UIElement.ReRaiseEventAs(DependencyObject sender, RoutedEventArgs args, RoutedEvent newEvent)
   bei System.Windows.UIElement.OnMouseUpThunk(Object sender, MouseButtonEventArgs e)
   bei System.Windows.Input.MouseButtonEventArgs.InvokeEventHandler(Delegate genericHandler, Object genericTarget)
   bei System.Windows.RoutedEventArgs.InvokeHandler(Delegate handler, Object target)
   bei System.Windows.RoutedEventHandlerInfo.InvokeHandler(Object target, RoutedEventArgs routedEventArgs)
   bei System.Windows.EventRoute.InvokeHandlersImpl(Object source, RoutedEventArgs args, Boolean reRaised)
   bei System.Windows.UIElement.RaiseEventImpl(DependencyObject sender, RoutedEventArgs args)
   bei System.Windows.UIElement.RaiseTrustedEvent(RoutedEventArgs args)
   bei System.Windows.UIElement.RaiseEvent(RoutedEventArgs args, Boolean trusted)
   bei System.Windows.Input.InputManager.ProcessStagingArea()
   bei System.Windows.Input.InputManager.ProcessInput(InputEventArgs input)
   bei System.Windows.Input.InputProviderSite.ReportInput(InputReport inputReport)
   bei System.Windows.Interop.HwndMouseInputProvider.ReportInput(IntPtr hwnd, InputMode mode, Int32 timestamp, RawMouseActions actions, Int32 x, Int32 y, Int32 wheel)
   bei System.Windows.Interop.HwndMouseInputProvider.FilterMessage(IntPtr hwnd, WindowMessage msg, IntPtr wParam, IntPtr lParam, Boolean& handled)
   bei System.Windows.Interop.HwndSource.InputFilterMessage(IntPtr hwnd, Int32 msg, IntPtr wParam, IntPtr lParam, Boolean& handled)
   bei MS.Win32.HwndWrapper.WndProc(IntPtr hwnd, Int32 msg, IntPtr wParam, IntPtr lParam, Boolean& handled)
   bei MS.Win32.HwndSubclass.DispatcherCallbackOperation(Object o)
   bei System.Windows.Threading.ExceptionWrapper.InternalRealCall(Delegate callback, Object args, Int32 numArgs)
   bei System.Windows.Threading.ExceptionWrapper.TryCatchWhen(Object source, Delegate callback, Object args, Int32 numArgs, Delegate catchHandler)"	
2019-09-02 17:18:45.1616	FATAL	Unhandled exception in CIDER v1.0.0.0	CIDER.App.LogUnhandledException	ExecutionContext.RunInternal => CulturePreservingExecutionContext.CallbackWrapper => DispatcherOperation.InvokeInSecurityContext => DispatcherOperation.InvokeImpl => ExceptionWrapper.TryCatchWhen => ExceptionWrapper.CatchException => Dispatcher.CatchExceptionStatic => Dispatcher.CatchException => App.<SetupExceptionHandling>b__2_1 => App.LogUnhandledException	"System.NullReferenceException: Der Objektverweis wurde nicht auf eine Objektinstanz festgelegt.
   bei CIDER.PlotManager.<CreateSeries>d__10.MoveNext() in H:\Dokumente\Diplomarbeit\Code\CIDER-Repository\dip-cider\CIDER\CIDER\PlotManager.cs:Zeile 132.
--- Ende der Stapelüberwachung vom vorhergehenden Ort, an dem die Ausnahme ausgelöst wurde ---
   bei System.Runtime.CompilerServices.AsyncMethodBuilderCore.<>c.<ThrowAsync>b__6_0(Object state)
   bei System.Windows.Threading.ExceptionWrapper.InternalRealCall(Delegate callback, Object args, Int32 numArgs)
   bei System.Windows.Threading.ExceptionWrapper.TryCatchWhen(Object source, Delegate callback, Object args, Int32 numArgs, Delegate catchHandler)"	
2019-09-02 17:18:47.7091	FATAL	Unhandled exception in CIDER v1.0.0.0	CIDER.App.LogUnhandledException	CulturePreservingExecutionContext.Run => ExecutionContext.Run => ExecutionContext.Run => ExecutionContext.RunInternal => CulturePreservingExecutionContext.CallbackWrapper => DispatcherOperation.InvokeInSecurityContext => DispatcherOperation.InvokeImpl => ExceptionWrapper.TryCatchWhen => App.<SetupExceptionHandling>b__2_0 => App.LogUnhandledException	"System.NullReferenceException: Der Objektverweis wurde nicht auf eine Objektinstanz festgelegt.
   bei CIDER.PlotManager.<CreateSeries>d__10.MoveNext() in H:\Dokumente\Diplomarbeit\Code\CIDER-Repository\dip-cider\CIDER\CIDER\PlotManager.cs:Zeile 132.
--- Ende der Stapelüberwachung vom vorhergehenden Ort, an dem die Ausnahme ausgelöst wurde ---
   bei System.Runtime.CompilerServices.AsyncMethodBuilderCore.<>c.<ThrowAsync>b__6_0(Object state)
   bei System.Windows.Threading.ExceptionWrapper.InternalRealCall(Delegate callback, Object args, Int32 numArgs)
   bei System.Windows.Threading.ExceptionWrapper.TryCatchWhen(Object source, Delegate callback, Object args, Int32 numArgs, Delegate catchHandler)
   bei System.Windows.Threading.DispatcherOperation.InvokeImpl()
   bei System.Windows.Threading.DispatcherOperation.InvokeInSecurityContext(Object state)
   bei MS.Internal.CulturePreservingExecutionContext.CallbackWrapper(Object obj)
   bei System.Threading.ExecutionContext.RunInternal(ExecutionContext executionContext, ContextCallback callback, Object state, Boolean preserveSyncCtx)
   bei System.Threading.ExecutionContext.Run(ExecutionContext executionContext, ContextCallback callback, Object state, Boolean preserveSyncCtx)
   bei System.Threading.ExecutionContext.Run(ExecutionContext executionContext, ContextCallback callback, Object state)
   bei MS.Internal.CulturePreservingExecutionContext.Run(CulturePreservingExecutionContext executionContext, ContextCallback callback, Object state)
   bei System.Windows.Threading.DispatcherOperation.Invoke()
   bei System.Windows.Threading.Dispatcher.ProcessQueue()
   bei System.Windows.Threading.Dispatcher.WndProcHook(IntPtr hwnd, Int32 msg, IntPtr wParam, IntPtr lParam, Boolean& handled)
   bei MS.Win32.HwndWrapper.WndProc(IntPtr hwnd, Int32 msg, IntPtr wParam, IntPtr lParam, Boolean& handled)
   bei MS.Win32.HwndSubclass.DispatcherCallbackOperation(Object o)
   bei System.Windows.Threading.ExceptionWrapper.InternalRealCall(Delegate callback, Object args, Int32 numArgs)
   bei System.Windows.Threading.ExceptionWrapper.TryCatchWhen(Object source, Delegate callback, Object args, Int32 numArgs, Delegate catchHandler)
   bei System.Windows.Threading.Dispatcher.LegacyInvokeImpl(DispatcherPriority priority, TimeSpan timeout, Delegate method, Object args, Int32 numArgs)
   bei MS.Win32.HwndSubclass.SubclassWndProc(IntPtr hwnd, Int32 msg, IntPtr wParam, IntPtr lParam)
   bei MS.Win32.UnsafeNativeMethods.MessageBox(HandleRef hWnd, String text, String caption, Int32 type)
   bei System.Windows.MessageBox.ShowCore(IntPtr owner, String messageBoxText, String caption, MessageBoxButton button, MessageBoxImage icon, MessageBoxResult defaultResult, MessageBoxOptions options)
   bei System.Windows.MessageBox.Show(String messageBoxText, String caption, MessageBoxButton button, MessageBoxImage icon)
   bei CIDER.App.LogUnhandledException(Exception ex, String source) in H:\Dokumente\Diplomarbeit\Code\CIDER-Repository\dip-cider\CIDER\CIDER\App.xaml.cs:Zeile 51.
   bei CIDER.App.<SetupExceptionHandling>b__2_1(Object s, DispatcherUnhandledExceptionEventArgs e) in H:\Dokumente\Diplomarbeit\Code\CIDER-Repository\dip-cider\CIDER\CIDER\App.xaml.cs:Zeile 30.
   bei System.Windows.Threading.Dispatcher.CatchException(Exception e)
   bei System.Windows.Threading.Dispatcher.CatchExceptionStatic(Object source, Exception e)
   bei System.Windows.Threading.ExceptionWrapper.CatchException(Object source, Exception e, Delegate catchHandler)
   bei System.Windows.Threading.ExceptionWrapper.TryCatchWhen(Object source, Delegate callback, Object args, Int32 numArgs, Delegate catchHandler)
   bei System.Windows.Threading.Dispatcher.LegacyInvokeImpl(DispatcherPriority priority, TimeSpan timeout, Delegate method, Object args, Int32 numArgs)
   bei MS.Win32.HwndSubclass.SubclassWndProc(IntPtr hwnd, Int32 msg, IntPtr wParam, IntPtr lParam)
   bei MS.Win32.UnsafeNativeMethods.DispatchMessage(MSG& msg)
   bei System.Windows.Threading.Dispatcher.PushFrameImpl(DispatcherFrame frame)
   bei System.Windows.Threading.Dispatcher.PushFrame(DispatcherFrame frame)
   bei System.Windows.Application.RunDispatcher(Object ignore)
   bei System.Windows.Application.RunInternal(Window window)
   bei System.Windows.Application.Run(Window window)
   bei System.Windows.Application.Run()
   bei CIDER.App.Main()"	
